<?xml version="1.0" encoding="UTF-8"?>
<testsuite xmlns:xsi="http://www.w3.org/2001/XMLSchema-instance" xsi:noNamespaceSchemaLocation="https://maven.apache.org/surefire/maven-surefire-plugin/xsd/surefire-test-report.xsd" name="au.com.worry.DIObernasbeermanagement.controller.BeerControllerTest" time="0.633" tests="9" errors="2" skipped="0" failures="7">
  <properties>
[...]
</properties>
  <testcase name="whenPOSTIsCalledThenABeerIsCreated" classname="au.com.worry.DIObernasbeermanagement.controller.BeerControllerTest" time="0.386">
    <failure message="Status expected:&lt;201&gt; but was:&lt;404&gt;" type="java.lang.AssertionError"><![CDATA[java.lang.AssertionError: Status expected:<201> but was:<404>
	at au.com.worry.DIObernasbeermanagement.controller.BeerControllerTest.whenPOSTIsCalledThenABeerIsCreated(BeerControllerTest.java:68)
]]></failure>
    <system-out><![CDATA[2021-04-17 11:59:05.655  INFO 57090 --- [           main] o.s.mock.web.MockServletContext          : Initializing Spring TestDispatcherServlet ''
2021-04-17 11:59:05.655  INFO 57090 --- [           main] o.s.t.web.servlet.TestDispatcherServlet  : Initializing Servlet ''
2021-04-17 11:59:05.656  INFO 57090 --- [           main] o.s.t.web.servlet.TestDispatcherServlet  : Completed initialization in 1 ms
2021-04-17 11:59:05.805  WARN 57090 --- [           main] o.s.web.servlet.PageNotFound             : No mapping for POST /api/v1/beers
]]></system-out>
  </testcase>
  <testcase name="whenGETListWithBeersIsCalledThenOkStatusIsReturned" classname="au.com.worry.DIObernasbeermanagement.controller.BeerControllerTest" time="0.03">
    <failure message="Status expected:&lt;200&gt; but was:&lt;404&gt;" type="java.lang.AssertionError"><![CDATA[java.lang.AssertionError: Status expected:<200> but was:<404>
	at au.com.worry.DIObernasbeermanagement.controller.BeerControllerTest.whenGETListWithBeersIsCalledThenOkStatusIsReturned(BeerControllerTest.java:129)
]]></failure>
    <system-out><![CDATA[2021-04-17 11:59:05.871  INFO 57090 --- [           main] o.s.mock.web.MockServletContext          : Initializing Spring TestDispatcherServlet ''
2021-04-17 11:59:05.871  INFO 57090 --- [           main] o.s.t.web.servlet.TestDispatcherServlet  : Initializing Servlet ''
2021-04-17 11:59:05.872  INFO 57090 --- [           main] o.s.t.web.servlet.TestDispatcherServlet  : Completed initialization in 1 ms
2021-04-17 11:59:05.874  WARN 57090 --- [           main] o.s.web.servlet.PageNotFound             : No mapping for GET /api/v1/beers
]]></system-out>
  </testcase>
  <testcase name="whenDELETEIsCalledWithValidIdThenNoContentStatusIsReturned" classname="au.com.worry.DIObernasbeermanagement.controller.BeerControllerTest" time="0.023">
    <failure message="Status expected:&lt;204&gt; but was:&lt;404&gt;" type="java.lang.AssertionError"><![CDATA[java.lang.AssertionError: Status expected:<204> but was:<404>
	at au.com.worry.DIObernasbeermanagement.controller.BeerControllerTest.whenDELETEIsCalledWithValidIdThenNoContentStatusIsReturned(BeerControllerTest.java:160)
]]></failure>
    <system-out><![CDATA[2021-04-17 11:59:05.894  INFO 57090 --- [           main] o.s.mock.web.MockServletContext          : Initializing Spring TestDispatcherServlet ''
2021-04-17 11:59:05.895  INFO 57090 --- [           main] o.s.t.web.servlet.TestDispatcherServlet  : Initializing Servlet ''
2021-04-17 11:59:05.895  INFO 57090 --- [           main] o.s.t.web.servlet.TestDispatcherServlet  : Completed initialization in 0 ms
2021-04-17 11:59:05.898  WARN 57090 --- [           main] o.s.web.servlet.PageNotFound             : No mapping for DELETE /api/v1/beers/1
]]></system-out>
  </testcase>
  <testcase name="whenGETIsCalledWithValidNameThenOkStatusIsReturned" classname="au.com.worry.DIObernasbeermanagement.controller.BeerControllerTest" time="0.02">
    <failure message="Status expected:&lt;200&gt; but was:&lt;404&gt;" type="java.lang.AssertionError"><![CDATA[java.lang.AssertionError: Status expected:<200> but was:<404>
	at au.com.worry.DIObernasbeermanagement.controller.BeerControllerTest.whenGETIsCalledWithValidNameThenOkStatusIsReturned(BeerControllerTest.java:98)
]]></failure>
    <system-out><![CDATA[2021-04-17 11:59:05.913  INFO 57090 --- [           main] o.s.mock.web.MockServletContext          : Initializing Spring TestDispatcherServlet ''
2021-04-17 11:59:05.913  INFO 57090 --- [           main] o.s.t.web.servlet.TestDispatcherServlet  : Initializing Servlet ''
2021-04-17 11:59:05.914  INFO 57090 --- [           main] o.s.t.web.servlet.TestDispatcherServlet  : Completed initialization in 0 ms
2021-04-17 11:59:05.918  WARN 57090 --- [           main] o.s.web.servlet.PageNotFound             : No mapping for GET /api/v1/beers/Brahma
]]></system-out>
  </testcase>
  <testcase name="whenDELETEIsCalledWithInvalidIdThenNotFoundStatusIsReturned" classname="au.com.worry.DIObernasbeermanagement.controller.BeerControllerTest" time="0.021">
    <error message="&#10;Unnecessary stubbings detected.&#10;Clean &amp; maintainable test code requires zero unnecessary code.&#10;Following stubbings are unnecessary (click to navigate to relevant line of code):&#10;  1. -&gt; at au.com.worry.DIObernasbeermanagement.controller.BeerControllerTest.whenDELETEIsCalledWithInvalidIdThenNotFoundStatusIsReturned(BeerControllerTest.java:166)&#10;Please remove unnecessary stubbings or use &apos;lenient&apos; strictness. More info: javadoc for UnnecessaryStubbingException class." type="org.mockito.exceptions.misusing.UnnecessaryStubbingException"><![CDATA[org.mockito.exceptions.misusing.UnnecessaryStubbingException: 

Unnecessary stubbings detected.
Clean & maintainable test code requires zero unnecessary code.
Following stubbings are unnecessary (click to navigate to relevant line of code):
  1. -> at au.com.worry.DIObernasbeermanagement.controller.BeerControllerTest.whenDELETEIsCalledWithInvalidIdThenNotFoundStatusIsReturned(BeerControllerTest.java:166)
Please remove unnecessary stubbings or use 'lenient' strictness. More info: javadoc for UnnecessaryStubbingException class.
]]></error>
    <system-out><![CDATA[2021-04-17 11:59:05.936  INFO 57090 --- [           main] o.s.mock.web.MockServletContext          : Initializing Spring TestDispatcherServlet ''
2021-04-17 11:59:05.937  INFO 57090 --- [           main] o.s.t.web.servlet.TestDispatcherServlet  : Initializing Servlet ''
2021-04-17 11:59:05.937  INFO 57090 --- [           main] o.s.t.web.servlet.TestDispatcherServlet  : Completed initialization in 0 ms
2021-04-17 11:59:05.939  WARN 57090 --- [           main] o.s.web.servlet.PageNotFound             : No mapping for DELETE /api/v1/beers/2
]]></system-out>
  </testcase>
  <testcase name="whenPOSTIsCalledWithoutRequiredFieldThenAnErrorIsReturned" classname="au.com.worry.DIObernasbeermanagement.controller.BeerControllerTest" time="0.039">
    <failure message="Status expected:&lt;400&gt; but was:&lt;404&gt;" type="java.lang.AssertionError"><![CDATA[java.lang.AssertionError: Status expected:<400> but was:<404>
	at au.com.worry.DIObernasbeermanagement.controller.BeerControllerTest.whenPOSTIsCalledWithoutRequiredFieldThenAnErrorIsReturned(BeerControllerTest.java:84)
]]></failure>
    <system-out><![CDATA[2021-04-17 11:59:05.973  INFO 57090 --- [           main] o.s.mock.web.MockServletContext          : Initializing Spring TestDispatcherServlet ''
2021-04-17 11:59:05.974  INFO 57090 --- [           main] o.s.t.web.servlet.TestDispatcherServlet  : Initializing Servlet ''
2021-04-17 11:59:05.974  INFO 57090 --- [           main] o.s.t.web.servlet.TestDispatcherServlet  : Completed initialization in 0 ms
2021-04-17 11:59:05.979  WARN 57090 --- [           main] o.s.web.servlet.PageNotFound             : No mapping for POST /api/v1/beers
]]></system-out>
  </testcase>
  <testcase name="whenGETListWithoutBeersIsCalledThenOkStatusIsReturned" classname="au.com.worry.DIObernasbeermanagement.controller.BeerControllerTest" time="0.038">
    <failure message="Status expected:&lt;200&gt; but was:&lt;404&gt;" type="java.lang.AssertionError"><![CDATA[java.lang.AssertionError: Status expected:<200> but was:<404>
	at au.com.worry.DIObernasbeermanagement.controller.BeerControllerTest.whenGETListWithoutBeersIsCalledThenOkStatusIsReturned(BeerControllerTest.java:146)
]]></failure>
    <system-out><![CDATA[2021-04-17 11:59:06.012  INFO 57090 --- [           main] o.s.mock.web.MockServletContext          : Initializing Spring TestDispatcherServlet ''
2021-04-17 11:59:06.012  INFO 57090 --- [           main] o.s.t.web.servlet.TestDispatcherServlet  : Initializing Servlet ''
2021-04-17 11:59:06.014  INFO 57090 --- [           main] o.s.t.web.servlet.TestDispatcherServlet  : Completed initialization in 1 ms
2021-04-17 11:59:06.016  WARN 57090 --- [           main] o.s.web.servlet.PageNotFound             : No mapping for GET /api/v1/beers
]]></system-out>
  </testcase>
  <testcase name="whenPATCHIsCalledToIncrementDiscountThenOKstatusIsReturned" classname="au.com.worry.DIObernasbeermanagement.controller.BeerControllerTest" time="0.034">
    <failure message="Status expected:&lt;200&gt; but was:&lt;404&gt;" type="java.lang.AssertionError"><![CDATA[java.lang.AssertionError: Status expected:<200> but was:<404>
	at au.com.worry.DIObernasbeermanagement.controller.BeerControllerTest.whenPATCHIsCalledToIncrementDiscountThenOKstatusIsReturned(BeerControllerTest.java:187)
]]></failure>
    <system-out><![CDATA[2021-04-17 11:59:06.044  INFO 57090 --- [           main] o.s.mock.web.MockServletContext          : Initializing Spring TestDispatcherServlet ''
2021-04-17 11:59:06.044  INFO 57090 --- [           main] o.s.t.web.servlet.TestDispatcherServlet  : Initializing Servlet ''
2021-04-17 11:59:06.047  INFO 57090 --- [           main] o.s.t.web.servlet.TestDispatcherServlet  : Completed initialization in 1 ms
2021-04-17 11:59:06.054  WARN 57090 --- [           main] o.s.web.servlet.PageNotFound             : No mapping for PATCH /api/v1/beers/1/increment
]]></system-out>
  </testcase>
  <testcase name="whenGETIsCalledWithoutRegisteredNameThenNotFoundStatusIsReturned" classname="au.com.worry.DIObernasbeermanagement.controller.BeerControllerTest" time="0.035">
    <error message="&#10;Unnecessary stubbings detected.&#10;Clean &amp; maintainable test code requires zero unnecessary code.&#10;Following stubbings are unnecessary (click to navigate to relevant line of code):&#10;  1. -&gt; at au.com.worry.DIObernasbeermanagement.controller.BeerControllerTest.whenGETIsCalledWithoutRegisteredNameThenNotFoundStatusIsReturned(BeerControllerTest.java:110)&#10;Please remove unnecessary stubbings or use &apos;lenient&apos; strictness. More info: javadoc for UnnecessaryStubbingException class." type="org.mockito.exceptions.misusing.UnnecessaryStubbingException"><![CDATA[org.mockito.exceptions.misusing.UnnecessaryStubbingException: 

Unnecessary stubbings detected.
Clean & maintainable test code requires zero unnecessary code.
Following stubbings are unnecessary (click to navigate to relevant line of code):
  1. -> at au.com.worry.DIObernasbeermanagement.controller.BeerControllerTest.whenGETIsCalledWithoutRegisteredNameThenNotFoundStatusIsReturned(BeerControllerTest.java:110)
Please remove unnecessary stubbings or use 'lenient' strictness. More info: javadoc for UnnecessaryStubbingException class.
]]></error>
    <system-out><![CDATA[2021-04-17 11:59:06.082  INFO 57090 --- [           main] o.s.mock.web.MockServletContext          : Initializing Spring TestDispatcherServlet ''
2021-04-17 11:59:06.082  INFO 57090 --- [           main] o.s.t.web.servlet.TestDispatcherServlet  : Initializing Servlet ''
2021-04-17 11:59:06.084  INFO 57090 --- [           main] o.s.t.web.servlet.TestDispatcherServlet  : Completed initialization in 0 ms
2021-04-17 11:59:06.090  WARN 57090 --- [           main] o.s.web.servlet.PageNotFound             : No mapping for GET /api/v1/beers/Brahma
]]></system-out>
  </testcase>
</testsuite>